#
# There is insufficient memory for the Java Runtime Environment to continue.
# Native memory allocation (malloc) failed to allocate 144976 bytes for Chunk::new
# Possible reasons:
#   The system is out of physical RAM or swap space
#   In 32 bit mode, the process size limit was hit
# Possible solutions:
#   Reduce memory load on the system
#   Increase physical memory or swap space
#   Check if swap backing store is full
#   Use 64 bit Java on a 64 bit OS
#   Decrease Java heap size (-Xmx/-Xms)
#   Decrease number of Java threads
#   Decrease Java thread stack sizes (-Xss)
#   Set larger code cache with -XX:ReservedCodeCacheSize=
# This output file may be truncated or incomplete.
#
#  Out of Memory Error (allocation.cpp:390), pid=11676, tid=0x0000000000004d64
#
# JRE version: OpenJDK Runtime Environment (8.0_112-b06) (build 1.8.0_112-release-b06)
# Java VM: OpenJDK 64-Bit Server VM (25.112-b06 mixed mode windows-amd64 compressed oops)
# Failed to write core dump. Minidumps are not enabled by default on client versions of Windows
#

---------------  T H R E A D  ---------------

Current thread (0x00000000177f3000):  JavaThread "C2 CompilerThread2" daemon [_thread_in_native, id=19812, stack(0x0000000018060000,0x0000000018160000)]

Stack: [0x0000000018060000,0x0000000018160000]
[error occurred during error reporting (printing stack bounds), id 0xc0000005]

Native frames: (J=compiled Java code, j=interpreted, Vv=VM code, C=native code)


Current CompileTask:
C2:3129278 14093       4       org.objectweb.asm.ClassReader::b (1124 bytes)


---------------  P R O C E S S  ---------------

Java Threads: ( => current thread )
  0x000000001fc4c000 JavaThread "Cache update executor" [_thread_blocked, id=18072, stack(0x000000002a360000,0x000000002a460000)]
  0x000000001fc4b800 JavaThread "Stdin handler" [_thread_blocked, id=19132, stack(0x000000002a260000,0x000000002a360000)]
  0x000000001fc4d000 JavaThread "Asynchronous log dispatcher for DefaultDaemonConnection: socket connection from /127.0.0.1:18130 to /127.0.0.1:22728" [_thread_blocked, id=18488, stack(0x000000002a160000,0x000000002a260000)]
  0x000000001fc44800 JavaThread "Daemon worker Thread 5" [_thread_in_native, id=21000, stack(0x000000002a060000,0x000000002a160000)]
  0x000000001fc4a800 JavaThread "Cancel handler" [_thread_blocked, id=5488, stack(0x0000000029f60000,0x000000002a060000)]
  0x000000001fc46000 JavaThread "Handler for socket connection from /127.0.0.1:18130 to /127.0.0.1:22728" [_thread_in_native, id=6532, stack(0x0000000029e60000,0x0000000029f60000)]
  0x000000001fc45800 JavaThread "Daemon Thread 5" [_thread_blocked, id=21320, stack(0x0000000029d60000,0x0000000029e60000)]
  0x000000001fc4a000 JavaThread "pool-4-thread-4" [_thread_blocked, id=20812, stack(0x0000000027a60000,0x0000000027b60000)]
  0x000000001fc47000 JavaThread "pool-4-thread-3" [_thread_blocked, id=19320, stack(0x0000000026460000,0x0000000026560000)]
  0x000000001fc48800 JavaThread "pool-4-thread-2" [_thread_blocked, id=16156, stack(0x0000000024b60000,0x0000000024c60000)]
  0x0000000019c98800 JavaThread "pool-4-thread-1" [_thread_blocked, id=19788, stack(0x0000000023460000,0x0000000023560000)]
  0x0000000019c97800 JavaThread "pool-2-thread-1" [_thread_blocked, id=8116, stack(0x000000001f800000,0x000000001f900000)]
  0x0000000019c97000 JavaThread "File lock request listener" [_thread_in_native, id=1716, stack(0x000000001cc90000,0x000000001cd90000)]
  0x0000000018967800 JavaThread "pool-1-thread-1" [_thread_blocked, id=1528, stack(0x000000001b5c0000,0x000000001b6c0000)]
  0x0000000018769800 JavaThread "Incoming local TCP Connector on port 18130" [_thread_in_native, id=15296, stack(0x00000000199f0000,0x0000000019af0000)]
  0x000000001783e800 JavaThread "Service Thread" daemon [_thread_blocked, id=19824, stack(0x0000000018260000,0x0000000018360000)]
  0x00000000177fa800 JavaThread "C1 CompilerThread3" daemon [_thread_blocked, id=18532, stack(0x0000000018160000,0x0000000018260000)]
=>0x00000000177f3000 JavaThread "C2 CompilerThread2" daemon [_thread_in_native, id=19812, stack(0x0000000018060000,0x0000000018160000)]
  0x000000001589c000 JavaThread "C2 CompilerThread1" daemon [_thread_in_native, id=14744, stack(0x0000000017f60000,0x0000000018060000)]
  0x0000000015899000 JavaThread "C2 CompilerThread0" daemon [_thread_in_native, id=16228, stack(0x0000000017e60000,0x0000000017f60000)]
  0x00000000177f0800 JavaThread "Attach Listener" daemon [_thread_blocked, id=1792, stack(0x0000000017d60000,0x0000000017e60000)]
  0x000000001779d800 JavaThread "Signal Dispatcher" daemon [_thread_blocked, id=7712, stack(0x0000000017c60000,0x0000000017d60000)]
  0x0000000002d6e800 JavaThread "Finalizer" daemon [_thread_blocked, id=6936, stack(0x0000000017b60000,0x0000000017c60000)]
  0x0000000002d67000 JavaThread "Reference Handler" daemon [_thread_blocked, id=14868, stack(0x0000000017660000,0x0000000017760000)]
  0x00000000027de000 JavaThread "main" [_thread_blocked, id=20732, stack(0x0000000002b70000,0x0000000002c70000)]

Other Threads:
  0x0000000015887800 VMThread [stack: 0x0000000017560000,0x0000000017660000] [id=14104]
  0x000000001783f800 WatcherThread [stack: 0x0000000018360000,0x0000000018460000] [id=4276]

VM state:not at safepoint (normal execution)

VM Mutex/Monitor currently owned by a thread: None

Heap:
 PSYoungGen      total 58880K, used 29979K [0x00000000eab00000, 0x00000000ef780000, 0x0000000100000000)
  eden space 49152K, 60% used [0x00000000eab00000,0x00000000ec80ee60,0x00000000edb00000)
  from space 9728K, 2% used [0x00000000edb00000,0x00000000edb38000,0x00000000ee480000)
  to   space 9216K, 0% used [0x00000000eee80000,0x00000000eee80000,0x00000000ef780000)
 ParOldGen       total 80384K, used 66719K [0x00000000c0000000, 0x00000000c4e80000, 0x00000000eab00000)
  object space 80384K, 83% used [0x00000000c0000000,0x00000000c4127df8,0x00000000c4e80000)
 Metaspace       used 65414K, capacity 68328K, committed 68480K, reserved 1110016K
  class space    used 8350K, capacity 8825K, committed 8832K, reserved 1048576K

Card table byte_map: [0x0000000012130000,0x0000000012340000] byte_map_base: 0x0000000011b30000

Marking Bits: (ParMarkBitMap*) 0x0000000061b118f0
 Begin Bits: [0x0000000012ca0000, 0x0000000013ca0000)
 End Bits:   [0x0000000013ca0000, 0x0000000014ca0000)

Polling page: 0x0000000000f90000

CodeCache: size=245760Kb used=41301Kb max_used=41301Kb free=204458Kb
 bounds [0x0000000002d70000, 0x0000000005600000, 0x0000000011d70000]
 total_blobs=12518 nmethods=11730 adapters=699
 compilation: enabled

Compilation events (10 events):
Event: 3125.573 Thread 0x00000000177fa800 14095       1       com.android.build.gradle.internal.incremental.Redirection::getPosition (5 bytes)
Event: 3125.573 Thread 0x00000000177fa800 nmethod 14095 0x00000000055c55d0 code [0x00000000055c5720, 0x00000000055c5830]
Event: 3125.574 Thread 0x00000000177fa800 14096       3       com.google.common.collect.Multimaps::index (52 bytes)
Event: 3125.576 Thread 0x00000000177fa800 nmethod 14096 0x00000000055eb750 code [0x00000000055eba20, 0x00000000055ecf38]
Event: 3125.576 Thread 0x00000000177fa800 14097       3       com.google.common.collect.Ordering::immutableSortedCopy (52 bytes)
Event: 3125.577 Thread 0x00000000177fa800 nmethod 14097 0x00000000055edc90 code [0x00000000055edec0, 0x00000000055eea78]
Event: 3125.577 Thread 0x00000000177fa800 14098       3       java.util.TimSort::gallopRight (335 bytes)
Event: 3125.578 Thread 0x00000000177fa800 nmethod 14098 0x00000000055ef1d0 code [0x00000000055ef3c0, 0x00000000055efeb8]
Event: 3125.808 Thread 0x00000000177fa800 14101       3       org.objectweb.asm.MethodWriter::a (413 bytes)
Event: 3127.642 Thread 0x00000000177fa800 nmethod 14101 0x00000000055f0390 code [0x00000000055f0a60, 0x00000000055f63c8]

GC Heap History (10 events):
Event: 3121.693 GC heap before
{Heap before GC invocations=52 (full 3):
 PSYoungGen      total 43008K, used 33526K [0x00000000eab00000, 0x00000000edf80000, 0x0000000100000000)
  eden space 33280K, 97% used [0x00000000eab00000,0x00000000eca9c188,0x00000000ecb80000)
  from space 9728K, 11% used [0x00000000ed600000,0x00000000ed7218e0,0x00000000edf80000)
  to   space 10240K, 0% used [0x00000000ecb80000,0x00000000ecb80000,0x00000000ed580000)
 ParOldGen       total 80384K, used 65771K [0x00000000c0000000, 0x00000000c4e80000, 0x00000000eab00000)
  object space 80384K, 81% used [0x00000000c0000000,0x00000000c403ac20,0x00000000c4e80000)
 Metaspace       used 65152K, capacity 68000K, committed 68224K, reserved 1107968K
  class space    used 8331K, capacity 8812K, committed 8832K, reserved 1048576K
Event: 3121.695 GC heap after
Heap after GC invocations=52 (full 3):
 PSYoungGen      total 43520K, used 160K [0x00000000eab00000, 0x00000000ee680000, 0x0000000100000000)
  eden space 33280K, 0% used [0x00000000eab00000,0x00000000eab00000,0x00000000ecb80000)
  from space 10240K, 1% used [0x00000000ecb80000,0x00000000ecba8000,0x00000000ed580000)
  to   space 10240K, 0% used [0x00000000edc80000,0x00000000edc80000,0x00000000ee680000)
 ParOldGen       total 80384K, used 66551K [0x00000000c0000000, 0x00000000c4e80000, 0x00000000eab00000)
  object space 80384K, 82% used [0x00000000c0000000,0x00000000c40fddf8,0x00000000c4e80000)
 Metaspace       used 65152K, capacity 68000K, committed 68224K, reserved 1107968K
  class space    used 8331K, capacity 8812K, committed 8832K, reserved 1048576K
}
Event: 3121.700 GC heap before
{Heap before GC invocations=53 (full 3):
 PSYoungGen      total 43520K, used 32534K [0x00000000eab00000, 0x00000000ee680000, 0x0000000100000000)
  eden space 33280K, 97% used [0x00000000eab00000,0x00000000eca9da50,0x00000000ecb80000)
  from space 10240K, 1% used [0x00000000ecb80000,0x00000000ecba8000,0x00000000ed580000)
  to   space 10240K, 0% used [0x00000000edc80000,0x00000000edc80000,0x00000000ee680000)
 ParOldGen       total 80384K, used 66551K [0x00000000c0000000, 0x00000000c4e80000, 0x00000000eab00000)
  object space 80384K, 82% used [0x00000000c0000000,0x00000000c40fddf8,0x00000000c4e80000)
 Metaspace       used 65153K, capacity 68000K, committed 68224K, reserved 1107968K
  class space    used 8331K, capacity 8812K, committed 8832K, reserved 1048576K
Event: 3121.703 GC heap after
Heap after GC invocations=53 (full 3):
 PSYoungGen      total 50688K, used 160K [0x00000000eab00000, 0x00000000ee680000, 0x0000000100000000)
  eden space 40448K, 0% used [0x00000000eab00000,0x00000000eab00000,0x00000000ed280000)
  from space 10240K, 1% used [0x00000000edc80000,0x00000000edca8000,0x00000000ee680000)
  to   space 10240K, 0% used [0x00000000ed280000,0x00000000ed280000,0x00000000edc80000)
 ParOldGen       total 80384K, used 66591K [0x00000000c0000000, 0x00000000c4e80000, 0x00000000eab00000)
  object space 80384K, 82% used [0x00000000c0000000,0x00000000c4107df8,0x00000000c4e80000)
 Metaspace       used 65153K, capacity 68000K, committed 68224K, reserved 1107968K
  class space    used 8331K, capacity 8812K, committed 8832K, reserved 1048576K
}
Event: 3121.718 GC heap before
{Heap before GC invocations=54 (full 3):
 PSYoungGen      total 50688K, used 39855K [0x00000000eab00000, 0x00000000ee680000, 0x0000000100000000)
  eden space 40448K, 98% used [0x00000000eab00000,0x00000000ed1c3fc0,0x00000000ed280000)
  from space 10240K, 1% used [0x00000000edc80000,0x00000000edca8000,0x00000000ee680000)
  to   space 10240K, 0% used [0x00000000ed280000,0x00000000ed280000,0x00000000edc80000)
 ParOldGen       total 80384K, used 66591K [0x00000000c0000000, 0x00000000c4e80000, 0x00000000eab00000)
  object space 80384K, 82% used [0x00000000c0000000,0x00000000c4107df8,0x00000000c4e80000)
 Metaspace       used 65153K, capacity 68000K, committed 68224K, reserved 1107968K
  class space    used 8331K, capacity 8812K, committed 8832K, reserved 1048576K
Event: 3121.720 GC heap after
Heap after GC invocations=54 (full 3):
 PSYoungGen      total 50688K, used 224K [0x00000000eab00000, 0x00000000eee00000, 0x0000000100000000)
  eden space 40448K, 0% used [0x00000000eab00000,0x00000000eab00000,0x00000000ed280000)
  from space 10240K, 2% used [0x00000000ed280000,0x00000000ed2b8000,0x00000000edc80000)
  to   space 9728K, 0% used [0x00000000ee480000,0x00000000ee480000,0x00000000eee00000)
 ParOldGen       total 80384K, used 66631K [0x00000000c0000000, 0x00000000c4e80000, 0x00000000eab00000)
  object space 80384K, 82% used [0x00000000c0000000,0x00000000c4111df8,0x00000000c4e80000)
 Metaspace       used 65153K, capacity 68000K, committed 68224K, reserved 1107968K
  class space    used 8331K, capacity 8812K, committed 8832K, reserved 1048576K
}
Event: 3121.724 GC heap before
{Heap before GC invocations=55 (full 3):
 PSYoungGen      total 50688K, used 39921K [0x00000000eab00000, 0x00000000eee00000, 0x0000000100000000)
  eden space 40448K, 98% used [0x00000000eab00000,0x00000000ed1c4470,0x00000000ed280000)
  from space 10240K, 2% used [0x00000000ed280000,0x00000000ed2b8000,0x00000000edc80000)
  to   space 9728K, 0% used [0x00000000ee480000,0x00000000ee480000,0x00000000eee00000)
 ParOldGen       total 80384K, used 66631K [0x00000000c0000000, 0x00000000c4e80000, 0x00000000eab00000)
  object space 80384K, 82% used [0x00000000c0000000,0x00000000c4111df8,0x00000000c4e80000)
 Metaspace       used 65156K, capacity 68000K, committed 68224K, reserved 1107968K
  class space    used 8331K, capacity 8812K, committed 8832K, reserved 1048576K
Event: 3121.726 GC heap after
Heap after GC invocations=55 (full 3):
 PSYoungGen      total 58880K, used 192K [0x00000000eab00000, 0x00000000eee00000, 0x0000000100000000)
  eden space 49152K, 0% used [0x00000000eab00000,0x00000000eab00000,0x00000000edb00000)
  from space 9728K, 1% used [0x00000000ee480000,0x00000000ee4b0000,0x00000000eee00000)
  to   space 9728K, 0% used [0x00000000edb00000,0x00000000edb00000,0x00000000ee480000)
 ParOldGen       total 80384K, used 66679K [0x00000000c0000000, 0x00000000c4e80000, 0x00000000eab00000)
  object space 80384K, 82% used [0x00000000c0000000,0x00000000c411ddf8,0x00000000c4e80000)
 Metaspace       used 65156K, capacity 68000K, committed 68224K, reserved 1107968K
  class space    used 8331K, capacity 8812K, committed 8832K, reserved 1048576K
}
Event: 3121.738 GC heap before
{Heap before GC invocations=56 (full 3):
 PSYoungGen      total 58880K, used 49281K [0x00000000eab00000, 0x00000000eee00000, 0x0000000100000000)
  eden space 49152K, 99% used [0x00000000eab00000,0x00000000edaf0400,0x00000000edb00000)
  from space 9728K, 1% used [0x00000000ee480000,0x00000000ee4b0000,0x00000000eee00000)
  to   space 9728K, 0% used [0x00000000edb00000,0x00000000edb00000,0x00000000ee480000)
 ParOldGen       total 80384K, used 66679K [0x00000000c0000000, 0x00000000c4e80000, 0x00000000eab00000)
  object space 80384K, 82% used [0x00000000c0000000,0x00000000c411ddf8,0x00000000c4e80000)
 Metaspace       used 65162K, capacity 68000K, committed 68224K, reserved 1107968K
  class space    used 8331K, capacity 8812K, committed 8832K, reserved 1048576K
Event: 3121.740 GC heap after
Heap after GC invocations=56 (full 3):
 PSYoungGen      total 58880K, used 224K [0x00000000eab00000, 0x00000000ef780000, 0x0000000100000000)
  eden space 49152K, 0% used [0x00000000eab00000,0x00000000eab00000,0x00000000edb00000)
  from space 9728K, 2% used [0x00000000edb00000,0x00000000edb38000,0x00000000ee480000)
  to   space 9216K, 0% used [0x00000000eee80000,0x00000000eee80000,0x00000000ef780000)
 ParOldGen       total 80384K, used 66719K [0x00000000c0000000, 0x00000000c4e80000, 0x00000000eab00000)
  object space 80384K, 83% used [0x00000000c0000000,0x00000000c4127df8,0x00000000c4e80000)
 Metaspace       used 65162K, capacity 68000K, committed 68224K, reserved 1107968K
  class space    used 8331K, capacity 8812K, committed 8832K, reserved 1048576K
}

Deoptimization events (10 events):
Event: 3123.793 Thread 0x000000001fc44800 Uncommon trap: reason=unstable_if action=reinterpret pc=0x0000000005122f88 method=org.objectweb.asm.ByteVector.putShort(I)Lorg/objectweb/asm/ByteVector; @ 13
Event: 3124.879 Thread 0x000000001fc44800 Uncommon trap: reason=array_check action=maybe_recompile pc=0x00000000053e7970 method=java.util.ComparableTimSort.binarySort([Ljava/lang/Object;III)V @ 183
Event: 3124.928 Thread 0x000000001fc44800 Uncommon trap: reason=array_check action=maybe_recompile pc=0x00000000053e7970 method=java.util.ComparableTimSort.binarySort([Ljava/lang/Object;III)V @ 183
Event: 3125.412 Thread 0x000000001fc44800 Uncommon trap: reason=speculate_class_check action=maybe_recompile pc=0x00000000055ab78c method=org.objectweb.asm.commons.LocalVariablesSorter.remap(ILorg/objectweb/asm/Type;)I @ 96
Event: 3125.480 Thread 0x000000001fc44800 Uncommon trap: reason=speculate_class_check action=maybe_recompile pc=0x00000000055ab78c method=org.objectweb.asm.commons.LocalVariablesSorter.remap(ILorg/objectweb/asm/Type;)I @ 96
Event: 3125.480 Thread 0x000000001fc44800 Uncommon trap: reason=speculate_class_check action=maybe_recompile pc=0x00000000055ab78c method=org.objectweb.asm.commons.LocalVariablesSorter.remap(ILorg/objectweb/asm/Type;)I @ 96
Event: 3125.480 Thread 0x000000001fc44800 Uncommon trap: reason=speculate_class_check action=maybe_recompile pc=0x00000000055ab78c method=org.objectweb.asm.commons.LocalVariablesSorter.remap(ILorg/objectweb/asm/Type;)I @ 96
Event: 3125.480 Thread 0x000000001fc44800 Uncommon trap: reason=speculate_class_check action=maybe_recompile pc=0x0000000005581644 method=org.objectweb.asm.commons.LocalVariablesSorter.remap(ILorg/objectweb/asm/Type;)I @ 96
Event: 3125.489 Thread 0x000000001fc44800 Uncommon trap: reason=unstable_if action=reinterpret pc=0x000000000557cb04 method=org.objectweb.asm.MethodWriter.visitVarInsn(II)V @ 277
Event: 3125.489 Thread 0x000000001fc44800 Uncommon trap: reason=unstable_if action=reinterpret pc=0x000000000512374c method=org.objectweb.asm.Frame.a(Lorg/objectweb/asm/ClassWriter;I[II)Z @ 36

Internal exceptions (10 events):
Event: 1139.033 Thread 0x0000000019c97800 Exception <a 'sun/nio/fs/WindowsException'> (0x00000000ebbc0448) thrown at [C:\src\android\AOSP-openjdk\external\jetbrains\jdk\hotspot\src\share\vm\prims\jni.cpp, line 709]
Event: 1179.139 Thread 0x0000000019c97800 Exception <a 'sun/nio/fs/WindowsException'> (0x00000000ebbc18d0) thrown at [C:\src\android\AOSP-openjdk\external\jetbrains\jdk\hotspot\src\share\vm\prims\jni.cpp, line 709]
Event: 1226.184 Thread 0x0000000019c97800 Exception <a 'sun/nio/fs/WindowsException'> (0x00000000ebdcf158) thrown at [C:\src\android\AOSP-openjdk\external\jetbrains\jdk\hotspot\src\share\vm\prims\jni.cpp, line 709]
Event: 1327.788 Thread 0x0000000019c97800 Exception <a 'sun/nio/fs/WindowsException'> (0x00000000ebeec7e0) thrown at [C:\src\android\AOSP-openjdk\external\jetbrains\jdk\hotspot\src\share\vm\prims\jni.cpp, line 709]
Event: 1539.408 Thread 0x0000000019c97800 Exception <a 'sun/nio/fs/WindowsException'> (0x00000000ebeedc68) thrown at [C:\src\android\AOSP-openjdk\external\jetbrains\jdk\hotspot\src\share\vm\prims\jni.cpp, line 709]
Event: 3097.755 Thread 0x000000001fc44800 Exception <a 'java/lang/ClassNotFoundException': asLocalRepo29900_9jowsujr4p4xelh6onpph19biBeanInfo> (0x00000000eb185a48) thrown at [C:\src\android\AOSP-openjdk\external\jetbrains\jdk\hotspot\src\share\vm\classfile\systemDictionary.cpp, line 210]
Event: 3097.756 Thread 0x000000001fc44800 Exception <a 'java/lang/ClassNotFoundException': asLocalRepo29900_9jowsujr4p4xelh6onpph19biCustomizer> (0x00000000eb194dc8) thrown at [C:\src\android\AOSP-openjdk\external\jetbrains\jdk\hotspot\src\share\vm\classfile\systemDictionary.cpp, line 210]
Event: 3098.821 Thread 0x000000001fc44800 Exception <a 'sun/nio/fs/WindowsException'> (0x00000000eba807e8) thrown at [C:\src\android\AOSP-openjdk\external\jetbrains\jdk\hotspot\src\share\vm\prims\jni.cpp, line 709]
Event: 3098.850 Thread 0x000000001fc44800 Implicit null exception at 0x00000000032d1edf to 0x00000000032d200d
Event: 3121.889 Thread 0x000000001fc44800 Exception <a 'java/io/FileNotFoundException'> (0x00000000eaf3ec48) thrown at [C:\src\android\AOSP-openjdk\external\jetbrains\jdk\hotspot\src\share\vm\prims\jni.cpp, line 709]

Events (10 events):
Event: 3125.489 Thread 0x000000001fc44800 Uncommon trap: trap_request=0xffffff65 fr.pc=0x000000000557cb04
Event: 3125.489 Thread 0x000000001fc44800 DEOPT PACKING pc=0x000000000557cb04 sp=0x000000002a15b480
Event: 3125.489 Thread 0x000000001fc44800 DEOPT UNPACKING pc=0x0000000002db556a sp=0x000000002a15b428 mode 2
Event: 3125.489 Thread 0x000000001fc44800 Uncommon trap: trap_request=0xffffff65 fr.pc=0x000000000512374c
Event: 3125.489 Thread 0x000000001fc44800 DEOPT PACKING pc=0x000000000512374c sp=0x000000002a15b320
Event: 3125.489 Thread 0x000000001fc44800 DEOPT UNPACKING pc=0x0000000002db556a sp=0x000000002a15b298 mode 2
Event: 3125.490 loading class com/google/api/client/googleapis/json/GoogleJsonResponseException
Event: 3125.490 loading class com/google/api/client/googleapis/json/GoogleJsonResponseException done
Event: 3125.515 loading class com/google/api/client/http/HttpResponseException
Event: 3125.515 loading class com/google/api/client/http/HttpResponseException done


Dynamic libraries:
0x00007ff65b180000 - 0x00007ff65b1b1000 	C:\Program Files\Android\Android Studio\jre\bin\java.exe
0x00007ffbd3b20000 - 0x00007ffbd3cf1000 	C:\WINDOWS\SYSTEM32\ntdll.dll
0x00007ffbd29a0000 - 0x00007ffbd2a4c000 	C:\WINDOWS\System32\KERNEL32.DLL
0x00007ffbca010000 - 0x00007ffbca043000 	C:\Program Files\AVAST Software\Avast\x64\aswhooka.dll
0x00007ffbd0dc0000 - 0x00007ffbd0fdd000 	C:\WINDOWS\System32\KERNELBASE.dll
0x00007ffbd2b30000 - 0x00007ffbd2bd2000 	C:\WINDOWS\System32\ADVAPI32.dll
0x00007ffbd2a90000 - 0x00007ffbd2b2e000 	C:\WINDOWS\System32\msvcrt.dll
0x00007ffbd3750000 - 0x00007ffbd37a9000 	C:\WINDOWS\System32\sechost.dll
0x00007ffbd31e0000 - 0x00007ffbd3301000 	C:\WINDOWS\System32\RPCRT4.dll
0x00007ffbd35e0000 - 0x00007ffbd3745000 	C:\WINDOWS\System32\USER32.dll
0x00007ffbd1090000 - 0x00007ffbd10ae000 	C:\WINDOWS\System32\win32u.dll
0x00007ffbd28f0000 - 0x00007ffbd2924000 	C:\WINDOWS\System32\GDI32.dll
0x00007ffbd0960000 - 0x00007ffbd0ae2000 	C:\WINDOWS\System32\gdi32full.dll
0x00007ffbc15b0000 - 0x00007ffbc182a000 	C:\WINDOWS\WinSxS\amd64_microsoft.windows.common-controls_6595b64144ccf1df_6.0.14393.953_none_42151e83c686086b\COMCTL32.dll
0x00007ffbd3310000 - 0x00007ffbd35d8000 	C:\WINDOWS\System32\combase.dll
0x00007ffbd0af0000 - 0x00007ffbd0be5000 	C:\WINDOWS\System32\ucrtbase.dll
0x00007ffbd0210000 - 0x00007ffbd027a000 	C:\WINDOWS\System32\bcryptPrimitives.dll
0x00007ffbd2a60000 - 0x00007ffbd2a8e000 	C:\WINDOWS\System32\IMM32.DLL
0x0000000060690000 - 0x0000000060762000 	C:\Program Files\Android\Android Studio\jre\jre\bin\msvcr100.dll
0x0000000061350000 - 0x0000000061b8c000 	C:\Program Files\Android\Android Studio\jre\jre\bin\server\jvm.dll
0x00007ffbd37b0000 - 0x00007ffbd37b8000 	C:\WINDOWS\System32\PSAPI.DLL
0x00007ffbbc210000 - 0x00007ffbbc219000 	C:\WINDOWS\SYSTEM32\WSOCK32.dll
0x00007ffbd2be0000 - 0x00007ffbd2c4a000 	C:\WINDOWS\System32\WS2_32.dll
0x00007ffbce1c0000 - 0x00007ffbce1e3000 	C:\WINDOWS\SYSTEM32\WINMM.dll
0x00007ffbced30000 - 0x00007ffbced3a000 	C:\WINDOWS\SYSTEM32\VERSION.dll
0x00007ffbce0b0000 - 0x00007ffbce0db000 	C:\WINDOWS\SYSTEM32\WINMMBASE.dll
0x00007ffbd1040000 - 0x00007ffbd1082000 	C:\WINDOWS\System32\cfgmgr32.dll
0x00007ffbce370000 - 0x00007ffbce37f000 	C:\Program Files\Android\Android Studio\jre\jre\bin\verify.dll
0x00007ffbc0420000 - 0x00007ffbc0449000 	C:\Program Files\Android\Android Studio\jre\jre\bin\java.dll
0x00007ffbc0ee0000 - 0x00007ffbc0ef6000 	C:\Program Files\Android\Android Studio\jre\jre\bin\zip.dll
0x00007ffbd1120000 - 0x00007ffbd2628000 	C:\WINDOWS\System32\SHELL32.dll
0x00007ffbd0280000 - 0x00007ffbd095a000 	C:\WINDOWS\System32\windows.storage.dll
0x00007ffbcffc0000 - 0x00007ffbd000c000 	C:\WINDOWS\System32\powrprof.dll
0x00007ffbd10c0000 - 0x00007ffbd1112000 	C:\WINDOWS\System32\shlwapi.dll
0x00007ffbcffa0000 - 0x00007ffbcffaf000 	C:\WINDOWS\System32\kernel.appcore.dll
0x00007ffbd0010000 - 0x00007ffbd00b9000 	C:\WINDOWS\System32\shcore.dll
0x00007ffbcff80000 - 0x00007ffbcff94000 	C:\WINDOWS\System32\profapi.dll
0x00007ffbc0cd0000 - 0x00007ffbc0cea000 	C:\Program Files\Android\Android Studio\jre\jre\bin\net.dll
0x0000000180000000 - 0x000000018006d000 	C:\Windows\system32\LavasoftTcpService64.dll
0x00007ffbd3820000 - 0x00007ffbd3958000 	C:\WINDOWS\System32\ole32.dll
0x00007ffbd2830000 - 0x00007ffbd28ef000 	C:\WINDOWS\System32\OLEAUT32.dll
0x00007ffbd00c0000 - 0x00007ffbd015c000 	C:\WINDOWS\System32\msvcp_win.dll
0x00007ffbcf850000 - 0x00007ffbcf8ac000 	C:\WINDOWS\SYSTEM32\MSWSOCK.dll
0x00007ffbcf5d0000 - 0x00007ffbcf608000 	C:\WINDOWS\SYSTEM32\IPHLPAPI.DLL
0x00007ffbcfc80000 - 0x00007ffbcfcac000 	C:\WINDOWS\SYSTEM32\SspiCli.dll
0x00007ffbc0400000 - 0x00007ffbc0411000 	C:\Program Files\Android\Android Studio\jre\jre\bin\nio.dll
0x00007ffbce680000 - 0x00007ffbce715000 	C:\WINDOWS\system32\uxtheme.dll
0x00007ffbc03a0000 - 0x00007ffbc03be000 	C:\Users\cx61\.gradle\native\23\windows-amd64\native-platform.dll
0x00007ffbcfa60000 - 0x00007ffbcfa77000 	C:\WINDOWS\SYSTEM32\CRYPTSP.dll
0x00007ffbcf450000 - 0x00007ffbcf483000 	C:\WINDOWS\system32\rsaenh.dll
0x00007ffbcfb60000 - 0x00007ffbcfb8b000 	C:\WINDOWS\SYSTEM32\bcrypt.dll
0x00007ffbcf6e0000 - 0x00007ffbcf6ff000 	C:\WINDOWS\SYSTEM32\USERENV.dll
0x00007ffbcfa50000 - 0x00007ffbcfa5b000 	C:\WINDOWS\SYSTEM32\CRYPTBASE.dll
0x00007ffbd2a50000 - 0x00007ffbd2a58000 	C:\WINDOWS\System32\NSI.dll
0x00007ffbcb880000 - 0x00007ffbcb896000 	C:\WINDOWS\SYSTEM32\dhcpcsvc6.DLL
0x00007ffbcb860000 - 0x00007ffbcb87a000 	C:\WINDOWS\SYSTEM32\dhcpcsvc.DLL
0x00007ffbcacc0000 - 0x00007ffbcaccd000 	C:\Program Files\Android\Android Studio\jre\jre\bin\management.dll
0x00007ffbbaf00000 - 0x00007ffbbaf24000 	C:\Program Files\Android\Android Studio\jre\jre\bin\sunec.dll
0x00007ffbc5120000 - 0x00007ffbc512b000 	C:\Program Files\Android\Android Studio\jre\jre\bin\sunmscapi.dll
0x00007ffbd0bf0000 - 0x00007ffbd0db9000 	C:\WINDOWS\System32\CRYPT32.dll
0x00007ffbcffb0000 - 0x00007ffbcffc0000 	C:\WINDOWS\System32\MSASN1.dll

VM Arguments:
jvm_args: -XX:MaxPermSize=256m -XX:+HeapDumpOnOutOfMemoryError -Xmx1024m -Dfile.encoding=x-windows-949 -Duser.country=KR -Duser.language=ko -Duser.variant 
java_command: org.gradle.launcher.daemon.bootstrap.GradleDaemon 3.3
java_class_path (initial): C:\Users\cx61\.gradle\wrapper\dists\gradle-3.3-all\55gk2rcmfc6p2dg9u9ohc3hw9\gradle-3.3\lib\gradle-launcher-3.3.jar
Launcher Type: SUN_STANDARD

Environment Variables:
JAVA_HOME=C:\Program Files\Java\jdk1.8.0_73
PATH=C:\ProgramData\Oracle\Java\javapath;C:\Program Files (x86)\Wizvera\Delfino;C:\Program Files (x86)\NVIDIA Corporation\PhysX\Common;c:\Program Files (x86)\Intel\iCLS Client\;c:\Program Files\Intel\iCLS Client\;C:\WINDOWS\system32;C:\WINDOWS;C:\WINDOWS\System32\Wbem;C:\WINDOWS\System32\WindowsPowerShell\v1.0\;C:\Program Files\Intel\Intel(R) Management Engine Components\DAL;C:\Program Files\Intel\Intel(R) Management Engine Components\IPT;C:\Program Files (x86)\Intel\Intel(R) Management Engine Components\DAL;C:\Program Files (x86)\Intel\Intel(R) Management Engine Components\IPT;c:\Program Files (x86)\Microsoft SQL Server\100\Tools\Binn\;c:\Program Files\Microsoft SQL Server\100\Tools\Binn\;c:\Program Files\Microsoft SQL Server\100\DTS\Binn\;C:\Program Files\Java\jdk1.8.0_73\bin;C:\Program Files (x86)\Skype\Phone\;C:\Program Files\Git\cmd;C:\Users\cx61\AppData\Local\Microsoft\WindowsApps;
USERNAME=cx61
OS=Windows_NT
PROCESSOR_IDENTIFIER=Intel64 Family 6 Model 60 Stepping 3, GenuineIntel



---------------  S Y S T E M  ---------------

OS: Windows 10.0 , 64 bit Build 14393 (10.0.14393.1198)

CPU:total 8 (4 cores per cpu, 2 threads per core) family 6 model 60 stepping 3, cmov, cx8, fxsr, mmx, sse, sse2, sse3, ssse3, sse4.1, sse4.2, popcnt, avx, avx2, aes, clmul, erms, lzcnt, ht, tsc, tscinvbit, bmi1, bmi2

Memory: 4k page, physical 8307132k(213972k free), swap 13965620k(124k free)

vm_info: OpenJDK 64-Bit Server VM (25.112-b06) for windows-amd64 JRE (1.8.0_112-release-b06), built on Dec  8 2016 00:54:26 by "builder" with MS VC++ 10.0 (VS2010)

time: Thu Jun 08 01:11:05 2017
elapsed time: 3129 seconds (0d 0h 52m 9s)

